{"level":"info","message":"server started and running on: http://localhost9000 ","timestamp":"2023-07-18T12:11:46.758Z"}
{"level":"info","message":"MongoDB is connected","timestamp":"2023-07-18T12:11:49.609Z"}
{"level":"info","message":"server started and running on: http://localhost9000 ","timestamp":"2023-07-18T12:12:14.196Z"}
{"level":"info","message":"MongoDB is connected","timestamp":"2023-07-18T12:12:17.213Z"}
level: info: Jul-18-2023 17:55:31: 	server started and running on: http://localhost9000 
level: info: Jul-18-2023 17:55:34: 	MongoDB is connected
level : info: Jul-18-2023 17:56:05: 	server started and running on: http://localhost9000 
level : info : Jul-18-2023 17:56:06: 	server started and running on: http://localhost9000 
level : info : Jul-18-2023 17:56:08 : 	server started and running on: http://localhost9000 
level : info : Jul-18-2023 17:56:14 : 	server started and running on: http://localhost9000 
level : info : Jul-18-2023 17:56:17 : 	MongoDB is connected
level : info : Jul-18-2023 17:57:18 : 	server started and running on: http://localhost9000 
level : info : Jul-18-2023 17:57:20 : 	MongoDB is connected
level : info : Jul-18-2023 18:19:43 : 	server started and running on: http://localhost9000 
level : info : Jul-18-2023 18:19:47 : 	MongoDB is connected
level : info : Jul-18-2023 18:27:27 : 	server started and running on: http://localhost9000 
level : info : Jul-18-2023 18:27:31 : 	MongoDB is connected
level : info : Jul-18-2023 18:27:40 : 	server started and running on: http://localhost9000 
level : info : Jul-18-2023 18:27:41 : 	server started and running on: http://localhost9000 
level : info : Jul-18-2023 18:27:46 : 	server started and running on: http://localhost9000 
level : info : Jul-18-2023 18:27:49 : 	server started and running on: http://localhost9000 
level : info : Jul-18-2023 18:27:52 : 	server started and running on: http://localhost9000 
level : info : Jul-18-2023 18:27:55 : 	server started and running on: http://localhost9000 
level : info : Jul-18-2023 18:27:57 : 	MongoDB is connected
level : info : Jul-18-2023 18:28:23 : 	server started and running on: http://localhost9000 
level : info : Jul-18-2023 18:28:25 : 	server started and running on: http://localhost9000 
level : info : Jul-18-2023 18:28:28 : 	MongoDB is connected
level : info : Jul-18-2023 18:28:31 : 	server started and running on: http://localhost9000 
level : info : Jul-18-2023 18:28:34 : 	MongoDB is connected
level : info : Jul-18-2023 18:28:36 : 	server started and running on: http://localhost9000 
level : info : Jul-18-2023 18:28:38 : 	server started and running on: http://localhost9000 
level : info : Jul-18-2023 18:28:40 : 	server started and running on: http://localhost9000 
level : info : Jul-18-2023 18:28:41 : 	server started and running on: http://localhost9000 
level : info : Jul-18-2023 18:28:43 : 	server started and running on: http://localhost9000 
level : info : Jul-18-2023 18:28:45 : 	server started and running on: http://localhost9000 
level : info : Jul-18-2023 18:28:47 : 	server started and running on: http://localhost9000 
level : info : Jul-18-2023 18:28:49 : 	MongoDB is connected
level : info : Jul-18-2023 18:28:56 : 	server started and running on: http://localhost9000 
level : info : Jul-18-2023 18:28:58 : 	MongoDB is connected
level : info : Jul-18-2023 18:29:02 : 	server started and running on: http://localhost9000 
level : info : Jul-18-2023 18:29:05 : 	MongoDB is connected
level : info : Jul-18-2023 18:29:57 : 	server started and running on: http://localhost9000 
level : info : Jul-18-2023 18:29:59 : 	server started and running on: http://localhost9000 
level : info : Jul-18-2023 18:30:04 : 	server started and running on: http://localhost9000 
level : info : Jul-18-2023 18:30:07 : 	MongoDB is connected
level : info : Jul-18-2023 18:30:10 : 	server started and running on: http://localhost9000 
level : info : Jul-18-2023 18:30:11 : 	server started and running on: http://localhost9000 
level : info : Jul-18-2023 18:30:14 : 	MongoDB is connected
level : info : Jul-18-2023 18:35:49 : 	server started and running on: http://localhost9000 
level : info : Jul-18-2023 18:35:52 : 	MongoDB is connected
level : info : Jul-19-2023 17:02:54 : 	server started and running on: http://localhost9000 
level : info : Jul-19-2023 17:02:57 : 	MongoDB is connected
level : info : Jul-19-2023 17:03:41 : 	server started and running on: http://localhost9000 
level : info : Jul-19-2023 17:03:44 : 	MongoDB is connected
level : info : Jul-19-2023 17:03:52 : 	server started and running on: http://localhost9000 
level : info : Jul-19-2023 17:03:55 : 	MongoDB is connected
level : info : Jul-19-2023 17:04:05 : 	server started and running on: http://localhost9000 
level : info : Jul-19-2023 17:04:07 : 	MongoDB is connected
level : info : Jul-19-2023 17:05:04 : 	server started and running on: http://localhost9000 
level : info : Jul-19-2023 17:05:06 : 	MongoDB is connected
level : info : Jul-19-2023 17:05:54 : 	server started and running on: http://localhost9000 
level : info : Jul-19-2023 17:05:56 : 	MongoDB is connected
level : info : Jul-19-2023 17:08:00 : 	server started and running on: http://localhost9000 
level : info : Jul-19-2023 17:08:03 : 	MongoDB is connected
level : info : Jul-19-2023 17:09:50 : 	server started and running on: http://localhost9000 
level : info : Jul-19-2023 17:09:53 : 	server started and running on: http://localhost9000 
level : info : Jul-19-2023 17:09:55 : 	MongoDB is connected
level : info : Jul-19-2023 17:10:07 : 	server started and running on: http://localhost9000 
level : info : Jul-19-2023 17:10:10 : 	MongoDB is connected
level : info : Jul-19-2023 17:12:02 : 	server started and running on: http://localhost9000 
level : info : Jul-19-2023 17:12:05 : 	MongoDB is connected
level : info : Jul-19-2023 17:15:49 : 	server started and running on: http://localhost9000 
level : info : Jul-19-2023 17:15:52 : 	MongoDB is connected
level : info : Jul-19-2023 17:16:42 : 	server started and running on: http://localhost9000 
level : info : Jul-19-2023 17:16:44 : 	MongoDB is connected
level : info : Jul-19-2023 17:18:15 : 	server started and running on: http://localhost9000 
level : info : Jul-19-2023 17:18:18 : 	MongoDB is connected
level : info : Jul-19-2023 17:25:06 : 	server started and running on: http://localhost9000 
level : info : Jul-19-2023 17:25:09 : 	MongoDB is connected
level : info : Jul-19-2023 17:28:40 : 	server started and running on: http://localhost9000 
level : info : Jul-19-2023 17:28:43 : 	MongoDB is connected
level : info : Jul-19-2023 17:35:34 : 	server started and running on: http://localhost9000 
level : info : Jul-19-2023 17:35:37 : 	MongoDB is connected
level : info : Jul-19-2023 17:38:16 : 	server started and running on: http://localhost9000 
level : info : Jul-19-2023 17:38:19 : 	MongoDB is connected
level : info : Jul-19-2023 17:44:20 : 	server started and running on: http://localhost9000 
level : info : Jul-19-2023 17:44:23 : 	MongoDB is connected
level : info : Jul-19-2023 17:49:35 : 	server started and running on: http://localhost9000 
level : info : Jul-19-2023 17:49:37 : 	MongoDB is connected
level : info : Jul-19-2023 17:50:10 : 	server started and running on: http://localhost9000 
level : info : Jul-19-2023 17:50:13 : 	MongoDB is connected
level : info : Jul-19-2023 17:54:24 : 	server started and running on: http://localhost9000 
level : info : Jul-19-2023 17:54:27 : 	MongoDB is connected
level : info : Jul-19-2023 17:55:00 : 	server started and running on: http://localhost9000 
level : info : Jul-19-2023 17:55:03 : 	MongoDB is connected
level : info : Jul-19-2023 17:55:40 : 	server started and running on: http://localhost9000 
level : info : Jul-19-2023 17:55:45 : 	server started and running on: http://localhost9000 
level : info : Jul-19-2023 17:55:57 : 	server started and running on: http://localhost9000 
level : info : Jul-19-2023 17:56:00 : 	MongoDB is connected
level : info : Jul-19-2023 18:03:08 : 	server started and running on: http://localhost9000 
level : info : Jul-19-2023 18:03:10 : 	MongoDB is connected
level : info : Jul-19-2023 18:03:30 : 	server started and running on: http://localhost9000 
level : info : Jul-19-2023 18:03:33 : 	MongoDB is connected
level : info : Jul-19-2023 18:03:44 : 	server started and running on: http://localhost9000 
level : info : Jul-19-2023 18:03:53 : 	server started and running on: http://localhost9000 
level : info : Jul-19-2023 18:03:55 : 	MongoDB is connected
level : info : Jul-19-2023 18:17:41 : 	server started and running on: http://localhost9000 
level : info : Jul-19-2023 18:17:44 : 	MongoDB is connected
level : info : Jul-19-2023 18:18:04 : 	server started and running on: http://localhost9000 
level : info : Jul-19-2023 18:18:09 : 	server started and running on: http://localhost9000 
level : info : Jul-19-2023 18:18:12 : 	MongoDB is connected
level : info : Jul-19-2023 18:18:30 : 	server started and running on: http://localhost9000 
level : info : Jul-19-2023 18:18:32 : 	MongoDB is connected
level : info : Jul-19-2023 18:18:39 : 	server started and running on: http://localhost9000 
level : info : Jul-19-2023 18:18:42 : 	MongoDB is connected
level : info : Jul-19-2023 18:19:02 : 	server started and running on: http://localhost9000 
level : info : Jul-19-2023 18:19:06 : 	server started and running on: http://localhost9000 
level : info : Jul-19-2023 18:19:09 : 	MongoDB is connected
level : info : Jul-19-2023 18:19:22 : 	server started and running on: http://localhost9000 
level : info : Jul-19-2023 18:19:25 : 	MongoDB is connected
level : info : Jul-19-2023 18:20:10 : 	server started and running on: http://localhost9000 
level : info : Jul-19-2023 18:20:21 : 	server started and running on: http://localhost9000 
level : info : Jul-19-2023 18:20:26 : 	server started and running on: http://localhost9000 
level : info : Jul-19-2023 18:20:29 : 	MongoDB is connected
level : info : Jul-19-2023 18:20:33 : 	server started and running on: http://localhost9000 
level : info : Jul-19-2023 18:20:36 : 	MongoDB is connected
level : info : Jul-19-2023 18:20:45 : 	server started and running on: http://localhost9000 
level : info : Jul-19-2023 18:20:48 : 	MongoDB is connected
level : info : Jul-19-2023 18:21:01 : 	server started and running on: http://localhost9000 
level : info : Jul-19-2023 18:21:04 : 	MongoDB is connected
level : info : Jul-19-2023 18:21:20 : 	server started and running on: http://localhost9000 
level : info : Jul-19-2023 18:21:25 : 	server started and running on: http://localhost9000 
level : info : Jul-19-2023 18:21:28 : 	server started and running on: http://localhost9000 
level : info : Jul-19-2023 18:21:30 : 	MongoDB is connected
level : info : Jul-19-2023 18:21:33 : 	server started and running on: http://localhost9000 
level : info : Jul-19-2023 18:21:35 : 	MongoDB is connected
level : info : Jul-19-2023 18:22:17 : 	server started and running on: http://localhost9000 
level : info : Jul-19-2023 18:22:20 : 	server started and running on: http://localhost9000 
level : info : Jul-19-2023 18:22:23 : 	MongoDB is connected
level : info : Jul-19-2023 18:25:06 : 	server started and running on: http://localhost9000 
level : info : Jul-19-2023 18:25:09 : 	MongoDB is connected
level : info : Jul-19-2023 18:25:28 : 	server started and running on: http://localhost9000 
level : info : Jul-19-2023 18:25:33 : 	server started and running on: http://localhost9000 
level : info : Jul-19-2023 18:25:36 : 	MongoDB is connected
level : info : Jul-19-2023 18:26:07 : 	server started and running on: http://localhost9000 
level : info : Jul-19-2023 18:26:18 : 	server started and running on: http://localhost9000 
level : info : Jul-19-2023 18:26:20 : 	MongoDB is connected
level : info : Jul-19-2023 18:30:10 : 	server started and running on: http://localhost9000 
level : info : Jul-19-2023 18:30:13 : 	MongoDB is connected
level : info : Jul-19-2023 18:30:43 : 	server started and running on: http://localhost9000 
level : info : Jul-19-2023 18:30:46 : 	MongoDB is connected
level : info : Jul-19-2023 18:31:25 : 	server started and running on: http://localhost9000 
level : info : Jul-19-2023 18:31:28 : 	MongoDB is connected
level : info : Jul-19-2023 18:34:13 : 	server started and running on: http://localhost9000 
level : info : Jul-19-2023 18:34:16 : 	MongoDB is connected
level : info : Jul-19-2023 18:34:37 : 	server started and running on: http://localhost9000 
level : info : Jul-19-2023 18:34:39 : 	MongoDB is connected
level : info : Jul-19-2023 18:35:21 : 	server started and running on: http://localhost9000 
level : info : Jul-19-2023 18:35:24 : 	MongoDB is connected
level : info : Jul-19-2023 18:35:50 : 	server started and running on: http://localhost9000 
level : info : Jul-19-2023 18:35:53 : 	MongoDB is connected
level : info : Jul-19-2023 18:44:42 : 	server started and running on: http://localhost9000 
level : info : Jul-19-2023 18:44:45 : 	MongoDB is connected
level : info : Jul-19-2023 18:45:21 : 	server started and running on: http://localhost9000 
level : info : Jul-19-2023 18:45:24 : 	MongoDB is connected
level : info : Jul-19-2023 18:46:18 : 	server started and running on: http://localhost9000 
level : info : Jul-19-2023 18:46:21 : 	MongoDB is connected
level : info : Jul-19-2023 18:49:11 : 	server started and running on: http://localhost9000 
level : info : Jul-19-2023 18:49:14 : 	MongoDB is connected
level : info : Jul-19-2023 18:56:38 : 	server started and running on: http://localhost9000 
level : info : Jul-19-2023 18:56:41 : 	MongoDB is connected
level : info : Jul-19-2023 18:58:08 : 	server started and running on: http://localhost9000 
level : info : Jul-19-2023 18:58:11 : 	MongoDB is connected
level : info : Jul-19-2023 19:01:05 : 	server started and running on: http://localhost9000 
level : info : Jul-19-2023 19:01:08 : 	MongoDB is connected
level : info : Jul-19-2023 19:02:10 : 	server started and running on: http://localhost9000 
level : info : Jul-19-2023 19:02:13 : 	MongoDB is connected
level : info : Jul-19-2023 21:41:57 : 	server started and running on: http://localhost9000 
level : info : Jul-19-2023 21:42:02 : 	MongoDB is connected
level : info : Jul-19-2023 21:43:38 : 	server started and running on: http://localhost9000 
level : info : Jul-19-2023 21:43:43 : 	MongoDB is connected
level : info : Jul-19-2023 21:45:36 : 	server started and running on: http://localhost9000 
level : info : Jul-19-2023 21:45:41 : 	MongoDB is connected
level : info : Jul-20-2023 14:22:55 : 	server started and running on: http://localhost9000 
level : info : Jul-20-2023 14:22:58 : 	MongoDB is connected
level : info : Jul-20-2023 15:26:19 : 	server started and running on: http://localhost9000 
level : info : Jul-20-2023 15:26:22 : 	MongoDB is connected
level : info : Jul-20-2023 15:26:46 : 	server started and running on: http://localhost9000 
level : info : Jul-20-2023 15:26:49 : 	MongoDB is connected
level : info : Jul-20-2023 15:41:15 : 	server started and running on: http://localhost9000 
level : info : Jul-20-2023 15:41:18 : 	MongoDB is connected
level : info : Jul-20-2023 15:45:12 : 	server started and running on: http://localhost9000 
level : info : Jul-20-2023 15:45:15 : 	MongoDB is connected
level : info : Jul-20-2023 15:50:33 : 	server started and running on: http://localhost9000 
level : info : Jul-20-2023 15:50:36 : 	MongoDB is connected
level : info : Jul-20-2023 15:55:39 : 	server started and running on: http://localhost9000 
level : info : Jul-20-2023 15:55:42 : 	MongoDB is connected
level : info : Jul-20-2023 15:56:46 : 	server started and running on: http://localhost9000 
level : info : Jul-20-2023 15:56:49 : 	MongoDB is connected
level : info : Jul-20-2023 15:56:53 : 	server started and running on: http://localhost9000 
level : info : Jul-20-2023 15:56:58 : 	server started and running on: http://localhost9000 
level : info : Jul-20-2023 15:57:00 : 	MongoDB is connected
level : info : Jul-20-2023 15:57:05 : 	server started and running on: http://localhost9000 
level : info : Jul-20-2023 15:57:08 : 	MongoDB is connected
level : info : Jul-20-2023 16:00:01 : 	server started and running on: http://localhost9000 
level : info : Jul-20-2023 16:00:04 : 	MongoDB is connected
level : info : Jul-20-2023 16:00:16 : 	server started and running on: http://localhost9000 
level : info : Jul-20-2023 16:00:18 : 	MongoDB is connected
level : info : Jul-20-2023 16:00:21 : 	server started and running on: http://localhost9000 
level : info : Jul-20-2023 16:00:23 : 	server started and running on: http://localhost9000 
level : info : Jul-20-2023 16:00:25 : 	MongoDB is connected
level : info : Jul-20-2023 16:00:48 : 	server started and running on: http://localhost9000 
level : info : Jul-20-2023 16:00:51 : 	MongoDB is connected
level : info : Jul-20-2023 16:03:34 : 	server started and running on: http://localhost9000 
level : info : Jul-20-2023 16:03:37 : 	MongoDB is connected
level : info : Jul-20-2023 16:03:57 : 	server started and running on: http://localhost9000 
level : info : Jul-20-2023 16:03:59 : 	MongoDB is connected
level : info : Jul-20-2023 16:04:16 : 	server started and running on: http://localhost9000 
level : info : Jul-20-2023 16:04:19 : 	MongoDB is connected
level : info : Jul-20-2023 16:24:46 : 	server started and running on: http://localhost9000 
level : info : Jul-20-2023 16:24:49 : 	MongoDB is connected
level : info : Jul-20-2023 16:30:12 : 	server started and running on: http://localhost9000 
level : info : Jul-20-2023 16:30:15 : 	MongoDB is connected
level : info : Jul-20-2023 16:34:57 : 	server started and running on: http://localhost9000 
level : info : Jul-20-2023 16:35:00 : 	MongoDB is connected
level : info : Jul-20-2023 16:38:08 : 	server started and running on: http://localhost9000 
level : info : Jul-20-2023 16:38:11 : 	MongoDB is connected
level : info : Jul-20-2023 16:45:20 : 	server started and running on: http://localhost9000 
level : info : Jul-20-2023 16:45:23 : 	MongoDB is connected
level : info : Jul-20-2023 16:58:23 : 	server started and running on: http://localhost9000 
level : info : Jul-20-2023 16:58:26 : 	MongoDB is connected
level : info : Jul-20-2023 17:24:37 : 	server started and running on: http://localhost9000 
level : info : Jul-20-2023 17:24:39 : 	MongoDB is connected
level : info : Jul-20-2023 17:31:52 : 	server started and running on: http://localhost9000 
level : info : Jul-20-2023 17:31:55 : 	MongoDB is connected
level : info : Jul-20-2023 17:32:02 : 	server started and running on: http://localhost9000 
level : info : Jul-20-2023 17:32:04 : 	MongoDB is connected
level : info : Jul-20-2023 17:32:15 : 	server started and running on: http://localhost9000 
level : info : Jul-20-2023 17:32:17 : 	MongoDB is connected
level : info : Jul-20-2023 17:32:47 : 	server started and running on: http://localhost9000 
level : info : Jul-20-2023 17:32:50 : 	MongoDB is connected
level : info : Jul-20-2023 17:40:14 : 	server started and running on: http://localhost9000 
level : info : Jul-20-2023 17:40:17 : 	MongoDB is connected
level : info : Jul-20-2023 17:40:39 : 	server started and running on: http://localhost9000 
level : info : Jul-20-2023 17:40:41 : 	server started and running on: http://localhost9000 
level : info : Jul-20-2023 17:40:43 : 	MongoDB is connected
level : info : Jul-20-2023 17:40:54 : 	server started and running on: http://localhost9000 
level : info : Jul-20-2023 17:40:57 : 	MongoDB is connected
level : info : Jul-20-2023 17:43:39 : 	server started and running on: http://localhost9000 
level : info : Jul-20-2023 17:43:42 : 	MongoDB is connected
level : info : Jul-20-2023 17:44:12 : 	server started and running on: http://localhost9000 
level : info : Jul-20-2023 17:44:14 : 	MongoDB is connected
level : info : Jul-20-2023 17:45:51 : 	server started and running on: http://localhost9000 
level : info : Jul-20-2023 17:45:53 : 	server started and running on: http://localhost9000 
level : info : Jul-20-2023 17:45:55 : 	MongoDB is connected
level : info : Jul-20-2023 17:46:01 : 	server started and running on: http://localhost9000 
level : info : Jul-20-2023 17:46:03 : 	MongoDB is connected
level : info : Jul-20-2023 17:46:04 : 	server started and running on: http://localhost9000 
level : info : Jul-20-2023 17:46:06 : 	server started and running on: http://localhost9000 
level : info : Jul-20-2023 17:46:08 : 	server started and running on: http://localhost9000 
level : info : Jul-20-2023 17:46:14 : 	server started and running on: http://localhost9000 
level : info : Jul-20-2023 17:46:17 : 	MongoDB is connected
level : info : Jul-20-2023 17:47:02 : 	server started and running on: http://localhost9000 
level : info : Jul-20-2023 17:47:05 : 	MongoDB is connected
level : info : Jul-20-2023 18:14:44 : 	MongoDB is connected
level : info : Jul-20-2023 18:16:52 : 	server started and running on: http://localhost9000 
level : info : Jul-20-2023 18:16:55 : 	MongoDB is connected
level : info : Jul-20-2023 18:21:54 : 	server started and running on: http://localhost9000 
level : info : Jul-20-2023 18:21:56 : 	server started and running on: http://localhost9000 
level : info : Jul-20-2023 18:21:58 : 	server started and running on: http://localhost9000 
level : info : Jul-20-2023 18:22:02 : 	server started and running on: http://localhost9000 
level : info : Jul-20-2023 18:22:04 : 	MongoDB is connected
level : info : Jul-20-2023 18:22:29 : 	server started and running on: http://localhost9000 
level : info : Jul-20-2023 18:22:31 : 	MongoDB is connected
level : info : Jul-20-2023 18:23:12 : 	server started and running on: http://localhost9000 
level : info : Jul-20-2023 18:23:15 : 	MongoDB is connected
level : info : Jul-20-2023 18:23:27 : 	server started and running on: http://localhost9000 
level : info : Jul-20-2023 18:23:30 : 	server started and running on: http://localhost9000 
level : info : Jul-20-2023 18:23:31 : 	server started and running on: http://localhost9000 
level : info : Jul-20-2023 18:23:33 : 	MongoDB is connected
level : info : Jul-20-2023 18:23:40 : 	server started and running on: http://localhost9000 
level : info : Jul-20-2023 18:23:43 : 	MongoDB is connected
level : info : Jul-20-2023 18:25:26 : 	server started and running on: http://localhost9000 
level : info : Jul-20-2023 18:25:28 : 	MongoDB is connected
level : info : Jul-20-2023 18:27:02 : 	server started and running on: http://localhost9000 
level : info : Jul-20-2023 18:27:04 : 	MongoDB is connected
level : info : Jul-20-2023 18:28:12 : 	server started and running on: http://localhost9000 
level : info : Jul-20-2023 18:28:14 : 	MongoDB is connected
level : info : Jul-20-2023 18:29:34 : 	server started and running on: http://localhost9000 
level : info : Jul-20-2023 18:29:37 : 	MongoDB is connected
level : info : Jul-20-2023 18:30:51 : 	server started and running on: http://localhost9000 
level : info : Jul-20-2023 18:30:54 : 	MongoDB is connected
level : info : Jul-20-2023 18:31:17 : 	server started and running on: http://localhost9000 
level : info : Jul-20-2023 18:31:20 : 	MongoDB is connected
level : info : Jul-20-2023 18:32:36 : 	server started and running on: http://localhost9000 
level : info : Jul-20-2023 18:32:39 : 	MongoDB is connected
level : info : Jul-20-2023 18:38:37 : 	server started and running on: http://localhost9000 
level : info : Jul-20-2023 18:38:40 : 	MongoDB is connected
level : info : Jul-20-2023 18:41:21 : 	server started and running on: http://localhost9000 
level : info : Jul-20-2023 18:41:24 : 	MongoDB is connected
level : info : Jul-20-2023 18:42:51 : 	server started and running on: http://localhost9000 
level : info : Jul-20-2023 18:42:53 : 	MongoDB is connected
level : info : Jul-20-2023 18:43:59 : 	server started and running on: http://localhost9000 
level : info : Jul-20-2023 18:44:08 : 	server started and running on: http://localhost9000 
level : info : Jul-20-2023 18:44:11 : 	MongoDB is connected
level : info : Jul-20-2023 18:44:32 : 	server started and running on: http://localhost9000 
level : info : Jul-20-2023 18:44:38 : 	server started and running on: http://localhost9000 
level : info : Jul-20-2023 18:44:41 : 	MongoDB is connected
level : info : Jul-20-2023 18:45:28 : 	server started and running on: http://localhost9000 
level : info : Jul-20-2023 18:45:31 : 	MongoDB is connected
level : info : Jul-20-2023 18:48:31 : 	server started and running on: http://localhost9000 
level : info : Jul-20-2023 18:48:34 : 	MongoDB is connected
level : info : Jul-20-2023 18:50:58 : 	server started and running on: http://localhost9000 
level : info : Jul-20-2023 18:51:01 : 	MongoDB is connected
level : info : Jul-20-2023 18:51:39 : 	server started and running on: http://localhost9000 
level : info : Jul-20-2023 18:51:41 : 	MongoDB is connected
level : info : Jul-20-2023 19:05:25 : 	server started and running on: http://localhost9000 
level : info : Jul-20-2023 19:05:28 : 	MongoDB is connected
level : info : Jul-20-2023 19:06:37 : 	server started and running on: http://localhost9000 
level : info : Jul-20-2023 19:06:40 : 	MongoDB is connected
level : info : Jul-20-2023 19:06:57 : 	server started and running on: http://localhost9000 
level : info : Jul-20-2023 19:06:59 : 	MongoDB is connected
level : info : Jul-24-2023 14:48:35 : 	server started and running on: http://localhost9000 
level : info : Jul-24-2023 14:48:38 : 	MongoDB is connected
level : info : Jul-24-2023 14:50:56 : 	server started and running on: http://localhost9000 
level : info : Jul-24-2023 14:50:59 : 	MongoDB is connected
level : info : Jul-24-2023 14:51:08 : 	server started and running on: http://localhost9000 
level : info : Jul-24-2023 14:51:11 : 	MongoDB is connected
level : info : Jul-24-2023 14:51:19 : 	server started and running on: http://localhost9000 
level : info : Jul-24-2023 14:51:22 : 	MongoDB is connected
level : info : Jul-24-2023 14:51:25 : 	server started and running on: http://localhost9000 
level : info : Jul-24-2023 14:51:30 : 	MongoDB is connected
level : info : Jul-24-2023 14:52:07 : 	server started and running on: http://localhost9000 
level : info : Jul-24-2023 14:52:10 : 	MongoDB is connected
level : info : Jul-24-2023 14:52:16 : 	server started and running on: http://localhost9000 
level : info : Jul-24-2023 14:52:19 : 	MongoDB is connected
level : info : Jul-24-2023 14:53:33 : 	server started and running on: http://localhost9000 
level : info : Jul-24-2023 14:53:36 : 	MongoDB is connected
level : info : Jul-24-2023 14:54:38 : 	server started and running on: http://localhost9000 
level : info : Jul-24-2023 14:54:41 : 	MongoDB is connected
level : info : Jul-24-2023 14:56:41 : 	server started and running on: http://localhost9000 
level : info : Jul-24-2023 14:56:44 : 	MongoDB is connected
level : info : Jul-24-2023 14:57:18 : 	server started and running on: http://localhost9000 
level : info : Jul-24-2023 14:57:21 : 	MongoDB is connected
level : info : Jul-24-2023 14:57:38 : 	server started and running on: http://localhost9000 
level : info : Jul-24-2023 14:57:41 : 	MongoDB is connected
level : info : Jul-24-2023 14:58:54 : 	server started and running on: http://localhost9000 
level : info : Jul-24-2023 14:58:57 : 	MongoDB is connected
level : info : Jul-24-2023 14:59:44 : 	server started and running on: http://localhost9000 
level : info : Jul-24-2023 14:59:47 : 	MongoDB is connected
level : info : Jul-24-2023 15:05:26 : 	server started and running on: http://localhost9000 
level : info : Jul-24-2023 15:05:29 : 	MongoDB is connected
level : info : Jul-24-2023 15:11:28 : 	server started and running on: http://localhost9000 
level : info : Jul-24-2023 15:11:32 : 	MongoDB is connected
level : info : Jul-24-2023 15:17:19 : 	server started and running on: http://localhost9000 
level : info : Jul-24-2023 15:17:22 : 	MongoDB is connected
level : info : Jul-24-2023 15:17:25 : 	server started and running on: http://localhost9000 
level : info : Jul-24-2023 15:17:29 : 	server started and running on: http://localhost9000 
level : info : Jul-24-2023 15:17:31 : 	MongoDB is connected
level : info : Jul-24-2023 15:46:28 : 	server started and running on: http://localhost9000 
level : info : Jul-24-2023 15:46:31 : 	MongoDB is connected
level : info : Jul-24-2023 18:14:53 : 	MongoDB is connected
level : info : Jul-24-2023 18:16:01 : 	server started and running on: http://localhost9000 
level : info : Jul-24-2023 18:16:05 : 	MongoDB is connected
level : info : Jul-24-2023 18:31:03 : 	server started and running on: http://localhost9000 
level : info : Jul-24-2023 18:31:06 : 	MongoDB is connected
level : info : Jul-25-2023 10:39:47 : 	server started and running on: http://localhost9000 
level : info : Jul-25-2023 10:39:51 : 	MongoDB is connected
level : info : Jul-25-2023 11:11:09 : 	MongoDB is connected
level : info : Jul-25-2023 12:42:19 : 	MongoDB is connected
level : info : Jul-25-2023 13:37:37 : 	MongoDB is connected
level : info : Jul-25-2023 14:43:45 : 	server started and running on: http://localhost9000 
level : info : Jul-25-2023 14:43:49 : 	MongoDB is connected
level : info : Jul-25-2023 16:36:35 : 	MongoDB is connected
level : info : Jul-25-2023 16:38:25 : 	server started and running on: http://localhost9000 
level : info : Jul-25-2023 16:38:28 : 	MongoDB is connected
level : info : Jul-25-2023 17:30:10 : 	MongoDB is connected
level : info : Jul-25-2023 17:50:58 : 	server started and running on: http://localhost9000 
level : info : Jul-25-2023 17:51:00 : 	MongoDB is connected
level : info : Jul-25-2023 17:51:41 : 	server started and running on: http://localhost9000 
level : info : Jul-25-2023 17:51:44 : 	MongoDB is connected
level : info : Jul-25-2023 17:52:01 : 	server started and running on: http://localhost9000 
level : info : Jul-25-2023 17:52:04 : 	MongoDB is connected
level : info : Jul-25-2023 17:54:43 : 	server started and running on: http://localhost9000 
level : info : Jul-25-2023 17:54:46 : 	MongoDB is connected
level : info : Jul-25-2023 17:55:08 : 	server started and running on: http://localhost9000 
level : info : Jul-25-2023 17:55:11 : 	MongoDB is connected
level : info : Jul-25-2023 23:14:08 : 	server started and running on: http://localhost9000 
level : info : Jul-25-2023 23:14:13 : 	MongoDB is connected
level : info : Jul-25-2023 23:53:31 : 	server started and running on: http://localhost9000 
level : info : Jul-25-2023 23:53:33 : 	server started and running on: http://localhost9000 
level : info : Jul-25-2023 23:53:37 : 	server started and running on: http://localhost9000 
level : info : Jul-25-2023 23:53:40 : 	server started and running on: http://localhost9000 
level : info : Jul-25-2023 23:53:43 : 	server started and running on: http://localhost9000 
level : info : Jul-25-2023 23:53:45 : 	server started and running on: http://localhost9000 
level : info : Jul-25-2023 23:53:48 : 	MongoDB is connected
level : info : Jul-25-2023 23:53:57 : 	server started and running on: http://localhost9000 
level : info : Jul-25-2023 23:54:00 : 	server started and running on: http://localhost9000 
level : info : Jul-25-2023 23:54:02 : 	server started and running on: http://localhost9000 
level : info : Jul-25-2023 23:54:05 : 	MongoDB is connected
level : info : Jul-26-2023 00:01:32 : 	server started and running on: http://localhost9000 
level : info : Jul-26-2023 00:01:37 : 	server started and running on: http://localhost9000 
level : info : Jul-26-2023 00:01:40 : 	MongoDB is connected
level : info : Jul-26-2023 00:01:41 : 	server started and running on: http://localhost9000 
level : info : Jul-26-2023 00:01:44 : 	MongoDB is connected
level : info : Jul-26-2023 00:09:06 : 	server started and running on: http://localhost9000 
level : info : Jul-26-2023 00:09:10 : 	server started and running on: http://localhost9000 
level : info : Jul-26-2023 00:09:16 : 	server started and running on: http://localhost9000 
level : info : Jul-26-2023 00:09:22 : 	server started and running on: http://localhost9000 
level : info : Jul-26-2023 00:09:25 : 	MongoDB is connected
level : info : Jul-26-2023 08:10:55 : 	server started and running on: http://localhost9000 
level : info : Jul-26-2023 08:11:00 : 	MongoDB is connected
level : info : Jul-26-2023 11:13:29 : 	MongoDB is connected
level : info : Jul-26-2023 11:20:15 : 	server started and running on: http://localhost9000 
level : info : Jul-26-2023 11:20:23 : 	server started and running on: http://localhost9000 
level : info : Jul-26-2023 11:20:26 : 	MongoDB is connected
level : info : Jul-26-2023 11:33:38 : 	server started and running on: http://localhost9000 
level : info : Jul-26-2023 11:33:42 : 	MongoDB is connected
level : info : Jul-26-2023 11:33:45 : 	server started and running on: http://localhost9000 
level : info : Jul-26-2023 11:33:49 : 	MongoDB is connected
level : info : Jul-26-2023 11:33:55 : 	server started and running on: http://localhost9000 
level : info : Jul-26-2023 11:33:58 : 	MongoDB is connected
level : info : Jul-26-2023 11:34:05 : 	server started and running on: http://localhost9000 
level : info : Jul-26-2023 11:34:08 : 	MongoDB is connected
level : info : Jul-26-2023 11:36:29 : 	server started and running on: http://localhost9000 
level : info : Jul-26-2023 11:36:33 : 	MongoDB is connected
level : info : Jul-26-2023 12:09:50 : 	MongoDB is connected
level : info : Jul-26-2023 12:34:21 : 	MongoDB is connected
level : info : Jul-26-2023 12:53:45 : 	server started and running on: http://localhost9000 
level : info : Jul-26-2023 12:53:50 : 	MongoDB is connected
level : info : Jul-26-2023 16:55:32 : 	server started and running on: http://localhost9000 
level : info : Jul-26-2023 16:55:35 : 	MongoDB is connected
level : info : Jul-26-2023 17:50:57 : 	MongoDB is connected
level : info : Jul-26-2023 17:52:43 : 	server started and running on: http://localhost9000 
level : info : Jul-26-2023 17:52:46 : 	MongoDB is connected
level : info : Jul-26-2023 18:13:25 : 	server started and running on: http://localhost9000 
level : info : Jul-26-2023 18:13:28 : 	MongoDB is connected
level : info : Jul-26-2023 18:16:12 : 	server started and running on: http://localhost9000 
level : info : Jul-26-2023 18:16:15 : 	server started and running on: http://localhost9000 
level : info : Jul-26-2023 18:16:19 : 	server started and running on: http://localhost9000 
level : info : Jul-26-2023 18:16:22 : 	MongoDB is connected
level : info : Jul-26-2023 18:52:48 : 	MongoDB is connected
level : info : Jul-27-2023 16:43:37 : 	server started and running on: http://localhost9000 
level : info : Jul-27-2023 16:43:40 : 	MongoDB is connected
level : info : Jul-27-2023 17:02:36 : 	server started and running on: http://localhost9000 
level : info : Jul-27-2023 17:02:37 : 	server started and running on: http://localhost9000 
level : info : Jul-27-2023 17:02:40 : 	MongoDB is connected
level : info : Jul-27-2023 17:26:52 : 	server started and running on: http://localhost9000 
level : info : Jul-27-2023 17:26:55 : 	MongoDB is connected
level : info : Jul-28-2023 17:15:52 : 	server started and running on: http://localhost9000 
level : info : Jul-28-2023 17:15:55 : 	MongoDB is connected
level : info : Jul-28-2023 17:47:11 : 	MongoDB is connected
level : info : Jul-28-2023 18:00:20 : 	server started and running on: http://localhost9000 
level : info : Jul-28-2023 18:00:23 : 	MongoDB is connected
level : info : Jul-28-2023 18:00:26 : 	server started and running on: http://localhost9000 
level : info : Jul-28-2023 18:00:29 : 	MongoDB is connected
level : info : Jul-28-2023 18:00:42 : 	server started and running on: http://localhost9000 
level : info : Jul-28-2023 18:00:48 : 	MongoDB is connected
level : info : Jul-28-2023 18:36:10 : 	server started and running on: http://localhost9000 
level : info : Jul-28-2023 18:36:13 : 	MongoDB is connected
level : info : Aug-04-2023 16:39:27 : 	server started and running on: http://localhost9000 
level : info : Aug-04-2023 16:39:29 : 	MongoDB is connected
level : info : Aug-04-2023 17:00:38 : 	MongoDB is connected
level : info : Aug-04-2023 17:17:51 : 	server started and running on: http://localhost9000 
level : info : Aug-04-2023 17:17:54 : 	MongoDB is connected
